<?xml version="1.0" encoding="UTF-8"?>
<!-- Generated by org.testng.reporters.JUnitReportReporter -->
<testsuite hostname="LTIN509623" failures="0" tests="1" name="testCases.TC_001_ListOfCarWashingServices" time="9.049" errors="0" timestamp="2024-11-04T17:39:22 IST" skipped="0">
  <testcase classname="testCases.TC_001_ListOfCarWashingServices" name="topFiveCarWashingCenter" time="9.049"/>
  <system-out/>
</testsuite> <!-- testCases.TC_001_ListOfCarWashingServices -->
