<?xml version="1.0" encoding="UTF-8"?>
<!-- Generated by org.testng.reporters.JUnitReportReporter -->
<testsuite hostname="LTIN509623" failures="0" tests="1" name="testCases.TC_003_RetriveAllGymServicesFilters" time="7.649" errors="0" timestamp="2024-11-04T17:39:22 IST" skipped="0">
  <testcase classname="testCases.TC_003_RetriveAllGymServicesFilters" name="retriveFilters" time="7.649"/>
  <system-out/>
</testsuite> <!-- testCases.TC_003_RetriveAllGymServicesFilters -->
